<?xml version="1.0" encoding="UTF-8"?>
<testng-results ignored="0" total="8" passed="4" failed="4" skipped="0">
  <reporter-output>
  </reporter-output>
  <suite started-at="2022-09-30T17:49:13 IST" name="RegressionSuite" finished-at="2022-09-30T17:50:55 IST" duration-ms="101427">
    <groups>
    </groups>
    <test started-at="2022-09-30T17:49:13 IST" name="ChromeTest" finished-at="2022-09-30T17:49:51 IST" duration-ms="37646">
      <class name="test.VerifyHomePageButtons">
        <test-method is-config="true" signature="launchMultipleBrowser(java.lang.String)[pri:0, instance:test.VerifyHomePageButtons@515aebb0]" started-at="2022-09-30T17:49:13 IST" name="launchMultipleBrowser" finished-at="2022-09-30T17:49:23 IST" duration-ms="9725" status="PASS">
          <params>
            <param index="0">
              <value>
                <![CDATA[Chrome]]>
              </value>
            </param>
          </params>
          <reporter-output>
          </reporter-output>
        </test-method> <!-- launchMultipleBrowser -->
        <test-method is-config="true" signature="beforeClass()[pri:0, instance:test.VerifyHomePageButtons@515aebb0]" started-at="2022-09-30T17:49:26 IST" name="beforeClass" finished-at="2022-09-30T17:49:26 IST" duration-ms="111" status="PASS">
          <reporter-output>
          </reporter-output>
        </test-method> <!-- beforeClass -->
        <test-method is-config="true" signature="beforeMethod()[pri:0, instance:test.VerifyHomePageButtons@515aebb0]" started-at="2022-09-30T17:49:26 IST" name="beforeMethod" finished-at="2022-09-30T17:49:33 IST" duration-ms="6990" status="PASS">
          <reporter-output>
          </reporter-output>
        </test-method> <!-- beforeMethod -->
        <test-method signature="verifyToCartButton()[pri:0, instance:test.VerifyHomePageButtons@515aebb0]" started-at="2022-09-30T17:49:33 IST" name="verifyToCartButton" finished-at="2022-09-30T17:49:34 IST" duration-ms="975" status="FAIL">
          <exception class="java.lang.AssertionError">
            <message>
              <![CDATA[The following asserts failed:
expected [https://www.saucedemo.com/cart.htm] but found [https://www.saucedemo.com/cart.html]]]>
            </message>
            <full-stacktrace>
              <![CDATA[java.lang.AssertionError: The following asserts failed:
expected [https://www.saucedemo.com/cart.htm] but found [https://www.saucedemo.com/cart.html]
at org.testng.asserts.SoftAssert.assertAll(SoftAssert.java:47)
at org.testng.asserts.SoftAssert.assertAll(SoftAssert.java:31)
at test.VerifyHomePageButtons.verifyToCartButton(VerifyHomePageButtons.java:114)
at java.base/jdk.internal.reflect.DirectMethodHandleAccessor.invoke(DirectMethodHandleAccessor.java:104)
at java.base/java.lang.reflect.Method.invoke(Method.java:577)
at org.testng.internal.MethodInvocationHelper.invokeMethod(MethodInvocationHelper.java:133)
at org.testng.internal.TestInvoker.invokeMethod(TestInvoker.java:598)
at org.testng.internal.TestInvoker.invokeTestMethod(TestInvoker.java:173)
at org.testng.internal.MethodRunner.runInSequence(MethodRunner.java:46)
at org.testng.internal.TestInvoker$MethodInvocationAgent.invoke(TestInvoker.java:824)
at org.testng.internal.TestInvoker.invokeTestMethods(TestInvoker.java:146)
at org.testng.internal.TestMethodWorker.invokeTestMethods(TestMethodWorker.java:146)
at org.testng.internal.TestMethodWorker.run(TestMethodWorker.java:128)
at java.base/java.util.concurrent.ThreadPoolExecutor.runWorker(ThreadPoolExecutor.java:1136)
at java.base/java.util.concurrent.ThreadPoolExecutor$Worker.run(ThreadPoolExecutor.java:635)
at java.base/java.lang.Thread.run(Thread.java:833)
]]>
            </full-stacktrace>
          </exception> <!-- java.lang.AssertionError -->
          <reporter-output>
          </reporter-output>
        </test-method> <!-- verifyToCartButton -->
        <test-method is-config="true" signature="failCadeScreenshot(org.testng.ITestResult)[pri:0, instance:test.VerifyHomePageButtons@515aebb0]" started-at="2022-09-30T17:49:34 IST" name="failCadeScreenshot" finished-at="2022-09-30T17:49:36 IST" duration-ms="1933" status="PASS">
          <params>
            <param index="0">
              <value>
                <![CDATA[[TestResult name=verifyToCartButton status=FAILURE method=VerifyHomePageButtons.verifyToCartButton()[pri:0, instance:test.VerifyHomePageButtons@515aebb0] output={null}]]]>
              </value>
            </param>
          </params>
          <reporter-output>
          </reporter-output>
        </test-method> <!-- failCadeScreenshot -->
        <test-method is-config="true" signature="beforeMethod()[pri:0, instance:test.VerifyHomePageButtons@515aebb0]" started-at="2022-09-30T17:49:36 IST" name="beforeMethod" finished-at="2022-09-30T17:49:37 IST" duration-ms="1466" status="PASS">
          <reporter-output>
          </reporter-output>
        </test-method> <!-- beforeMethod -->
        <test-method signature="verifyaddToCartButton()[pri:0, instance:test.VerifyHomePageButtons@515aebb0]" started-at="2022-09-30T17:49:37 IST" name="verifyaddToCartButton" finished-at="2022-09-30T17:49:38 IST" duration-ms="726" status="FAIL">
          <exception class="java.lang.AssertionError">
            <message>
              <![CDATA[The following asserts failed:
expected [https://www.saucedemo.com/inventory.htm] but found [https://www.saucedemo.com/inventory.html]]]>
            </message>
            <full-stacktrace>
              <![CDATA[java.lang.AssertionError: The following asserts failed:
expected [https://www.saucedemo.com/inventory.htm] but found [https://www.saucedemo.com/inventory.html]
at org.testng.asserts.SoftAssert.assertAll(SoftAssert.java:47)
at org.testng.asserts.SoftAssert.assertAll(SoftAssert.java:31)
at test.VerifyHomePageButtons.verifyaddToCartButton(VerifyHomePageButtons.java:91)
at java.base/jdk.internal.reflect.DirectMethodHandleAccessor.invoke(DirectMethodHandleAccessor.java:104)
at java.base/java.lang.reflect.Method.invoke(Method.java:577)
at org.testng.internal.MethodInvocationHelper.invokeMethod(MethodInvocationHelper.java:133)
at org.testng.internal.TestInvoker.invokeMethod(TestInvoker.java:598)
at org.testng.internal.TestInvoker.invokeTestMethod(TestInvoker.java:173)
at org.testng.internal.MethodRunner.runInSequence(MethodRunner.java:46)
at org.testng.internal.TestInvoker$MethodInvocationAgent.invoke(TestInvoker.java:824)
at org.testng.internal.TestInvoker.invokeTestMethods(TestInvoker.java:146)
at org.testng.internal.TestMethodWorker.invokeTestMethods(TestMethodWorker.java:146)
at org.testng.internal.TestMethodWorker.run(TestMethodWorker.java:128)
at java.base/java.util.concurrent.ThreadPoolExecutor.runWorker(ThreadPoolExecutor.java:1136)
at java.base/java.util.concurrent.ThreadPoolExecutor$Worker.run(ThreadPoolExecutor.java:635)
at java.base/java.lang.Thread.run(Thread.java:833)
]]>
            </full-stacktrace>
          </exception> <!-- java.lang.AssertionError -->
          <reporter-output>
          </reporter-output>
        </test-method> <!-- verifyaddToCartButton -->
        <test-method is-config="true" signature="failCadeScreenshot(org.testng.ITestResult)[pri:0, instance:test.VerifyHomePageButtons@515aebb0]" started-at="2022-09-30T17:49:38 IST" name="failCadeScreenshot" finished-at="2022-09-30T17:49:39 IST" duration-ms="720" status="PASS">
          <params>
            <param index="0">
              <value>
                <![CDATA[[TestResult name=verifyaddToCartButton status=FAILURE method=VerifyHomePageButtons.verifyaddToCartButton()[pri:0, instance:test.VerifyHomePageButtons@515aebb0] output={null}]]]>
              </value>
            </param>
          </params>
          <reporter-output>
          </reporter-output>
        </test-method> <!-- failCadeScreenshot -->
        <test-method is-config="true" signature="clearTheBrowser()[pri:0, instance:test.VerifyHomePageButtons@515aebb0]" started-at="2022-09-30T17:49:39 IST" name="clearTheBrowser" finished-at="2022-09-30T17:49:39 IST" duration-ms="0" status="PASS">
          <reporter-output>
          </reporter-output>
        </test-method> <!-- clearTheBrowser -->
        <test-method is-config="true" signature="closeTheBrowser()[pri:0, instance:test.VerifyHomePageButtons@515aebb0]" started-at="2022-09-30T17:49:48 IST" name="closeTheBrowser" finished-at="2022-09-30T17:49:51 IST" duration-ms="2747" status="PASS">
          <reporter-output>
          </reporter-output>
        </test-method> <!-- closeTheBrowser -->
      </class> <!-- test.VerifyHomePageButtons -->
      <class name="test.VerifyOverviewPage">
        <test-method is-config="true" signature="launchMultipleBrowser(java.lang.String)[pri:0, instance:test.VerifyOverviewPage@595b007d]" started-at="2022-09-30T17:49:23 IST" name="launchMultipleBrowser" finished-at="2022-09-30T17:49:26 IST" duration-ms="2445" status="PASS">
          <params>
            <param index="0">
              <value>
                <![CDATA[Chrome]]>
              </value>
            </param>
          </params>
          <reporter-output>
          </reporter-output>
        </test-method> <!-- launchMultipleBrowser -->
        <test-method is-config="true" signature="beforeClass()[pri:0, instance:test.VerifyOverviewPage@595b007d]" started-at="2022-09-30T17:49:26 IST" name="beforeClass" finished-at="2022-09-30T17:49:26 IST" duration-ms="169" status="PASS">
          <reporter-output>
          </reporter-output>
        </test-method> <!-- beforeClass -->
        <test-method is-config="true" signature="beforeMethod()[pri:0, instance:test.VerifyOverviewPage@595b007d]" started-at="2022-09-30T17:49:26 IST" name="beforeMethod" finished-at="2022-09-30T17:49:39 IST" duration-ms="12824" status="PASS">
          <reporter-output>
          </reporter-output>
        </test-method> <!-- beforeMethod -->
        <test-method signature="verifyCancelButton()[pri:0, instance:test.VerifyOverviewPage@595b007d]" started-at="2022-09-30T17:49:39 IST" name="verifyCancelButton" finished-at="2022-09-30T17:49:39 IST" duration-ms="676" status="PASS">
          <reporter-output>
          </reporter-output>
        </test-method> <!-- verifyCancelButton -->
        <test-method is-config="true" signature="beforeMethod()[pri:0, instance:test.VerifyOverviewPage@595b007d]" started-at="2022-09-30T17:49:39 IST" name="beforeMethod" finished-at="2022-09-30T17:49:46 IST" duration-ms="6618" status="PASS">
          <reporter-output>
          </reporter-output>
        </test-method> <!-- beforeMethod -->
        <test-method signature="verifyFinishButton()[pri:0, instance:test.VerifyOverviewPage@595b007d]" started-at="2022-09-30T17:49:46 IST" name="verifyFinishButton" finished-at="2022-09-30T17:49:46 IST" duration-ms="339" status="PASS">
          <reporter-output>
          </reporter-output>
        </test-method> <!-- verifyFinishButton -->
        <test-method is-config="true" signature="closeTheBrowser()[pri:0, instance:test.VerifyOverviewPage@595b007d]" started-at="2022-09-30T17:49:46 IST" name="closeTheBrowser" finished-at="2022-09-30T17:49:48 IST" duration-ms="2015" status="PASS">
          <reporter-output>
          </reporter-output>
        </test-method> <!-- closeTheBrowser -->
      </class> <!-- test.VerifyOverviewPage -->
    </test> <!-- ChromeTest -->
    <test started-at="2022-09-30T17:49:51 IST" name="FirefoxTest" finished-at="2022-09-30T17:50:55 IST" duration-ms="63715">
      <class name="test.VerifyHomePageButtons">
        <test-method is-config="true" signature="launchMultipleBrowser(java.lang.String)[pri:0, instance:test.VerifyHomePageButtons@313ac989]" started-at="2022-09-30T17:49:51 IST" name="launchMultipleBrowser" finished-at="2022-09-30T17:50:07 IST" duration-ms="16081" status="PASS">
          <params>
            <param index="0">
              <value>
                <![CDATA[Firefox]]>
              </value>
            </param>
          </params>
          <reporter-output>
          </reporter-output>
        </test-method> <!-- launchMultipleBrowser -->
        <test-method is-config="true" signature="beforeClass()[pri:0, instance:test.VerifyHomePageButtons@313ac989]" started-at="2022-09-30T17:50:26 IST" name="beforeClass" finished-at="2022-09-30T17:50:26 IST" duration-ms="3" status="PASS">
          <reporter-output>
          </reporter-output>
        </test-method> <!-- beforeClass -->
        <test-method is-config="true" signature="beforeMethod()[pri:0, instance:test.VerifyHomePageButtons@313ac989]" started-at="2022-09-30T17:50:26 IST" name="beforeMethod" finished-at="2022-09-30T17:50:32 IST" duration-ms="5792" status="PASS">
          <reporter-output>
          </reporter-output>
        </test-method> <!-- beforeMethod -->
        <test-method signature="verifyToCartButton()[pri:0, instance:test.VerifyHomePageButtons@313ac989]" started-at="2022-09-30T17:50:32 IST" name="verifyToCartButton" finished-at="2022-09-30T17:50:33 IST" duration-ms="817" status="FAIL">
          <exception class="java.lang.AssertionError">
            <message>
              <![CDATA[The following asserts failed:
expected [https://www.saucedemo.com/cart.htm] but found [https://www.saucedemo.com/cart.html]]]>
            </message>
            <full-stacktrace>
              <![CDATA[java.lang.AssertionError: The following asserts failed:
expected [https://www.saucedemo.com/cart.htm] but found [https://www.saucedemo.com/cart.html]
at org.testng.asserts.SoftAssert.assertAll(SoftAssert.java:47)
at org.testng.asserts.SoftAssert.assertAll(SoftAssert.java:31)
at test.VerifyHomePageButtons.verifyToCartButton(VerifyHomePageButtons.java:114)
at java.base/jdk.internal.reflect.DirectMethodHandleAccessor.invoke(DirectMethodHandleAccessor.java:104)
at java.base/java.lang.reflect.Method.invoke(Method.java:577)
at org.testng.internal.MethodInvocationHelper.invokeMethod(MethodInvocationHelper.java:133)
at org.testng.internal.TestInvoker.invokeMethod(TestInvoker.java:598)
at org.testng.internal.TestInvoker.invokeTestMethod(TestInvoker.java:173)
at org.testng.internal.MethodRunner.runInSequence(MethodRunner.java:46)
at org.testng.internal.TestInvoker$MethodInvocationAgent.invoke(TestInvoker.java:824)
at org.testng.internal.TestInvoker.invokeTestMethods(TestInvoker.java:146)
at org.testng.internal.TestMethodWorker.invokeTestMethods(TestMethodWorker.java:146)
at org.testng.internal.TestMethodWorker.run(TestMethodWorker.java:128)
at java.base/java.util.concurrent.ThreadPoolExecutor.runWorker(ThreadPoolExecutor.java:1136)
at java.base/java.util.concurrent.ThreadPoolExecutor$Worker.run(ThreadPoolExecutor.java:635)
at java.base/java.lang.Thread.run(Thread.java:833)
]]>
            </full-stacktrace>
          </exception> <!-- java.lang.AssertionError -->
          <reporter-output>
          </reporter-output>
        </test-method> <!-- verifyToCartButton -->
        <test-method is-config="true" signature="failCadeScreenshot(org.testng.ITestResult)[pri:0, instance:test.VerifyHomePageButtons@313ac989]" started-at="2022-09-30T17:50:33 IST" name="failCadeScreenshot" finished-at="2022-09-30T17:50:33 IST" duration-ms="450" status="PASS">
          <params>
            <param index="0">
              <value>
                <![CDATA[[TestResult name=verifyToCartButton status=FAILURE method=VerifyHomePageButtons.verifyToCartButton()[pri:0, instance:test.VerifyHomePageButtons@313ac989] output={null}]]]>
              </value>
            </param>
          </params>
          <reporter-output>
          </reporter-output>
        </test-method> <!-- failCadeScreenshot -->
        <test-method is-config="true" signature="beforeMethod()[pri:0, instance:test.VerifyHomePageButtons@313ac989]" started-at="2022-09-30T17:50:33 IST" name="beforeMethod" finished-at="2022-09-30T17:50:35 IST" duration-ms="2111" status="PASS">
          <reporter-output>
          </reporter-output>
        </test-method> <!-- beforeMethod -->
        <test-method signature="verifyaddToCartButton()[pri:0, instance:test.VerifyHomePageButtons@313ac989]" started-at="2022-09-30T17:50:35 IST" name="verifyaddToCartButton" finished-at="2022-09-30T17:50:36 IST" duration-ms="858" status="FAIL">
          <exception class="java.lang.AssertionError">
            <message>
              <![CDATA[The following asserts failed:
expected [https://www.saucedemo.com/inventory.htm] but found [https://www.saucedemo.com/inventory.html]]]>
            </message>
            <full-stacktrace>
              <![CDATA[java.lang.AssertionError: The following asserts failed:
expected [https://www.saucedemo.com/inventory.htm] but found [https://www.saucedemo.com/inventory.html]
at org.testng.asserts.SoftAssert.assertAll(SoftAssert.java:47)
at org.testng.asserts.SoftAssert.assertAll(SoftAssert.java:31)
at test.VerifyHomePageButtons.verifyaddToCartButton(VerifyHomePageButtons.java:91)
at java.base/jdk.internal.reflect.DirectMethodHandleAccessor.invoke(DirectMethodHandleAccessor.java:104)
at java.base/java.lang.reflect.Method.invoke(Method.java:577)
at org.testng.internal.MethodInvocationHelper.invokeMethod(MethodInvocationHelper.java:133)
at org.testng.internal.TestInvoker.invokeMethod(TestInvoker.java:598)
at org.testng.internal.TestInvoker.invokeTestMethod(TestInvoker.java:173)
at org.testng.internal.MethodRunner.runInSequence(MethodRunner.java:46)
at org.testng.internal.TestInvoker$MethodInvocationAgent.invoke(TestInvoker.java:824)
at org.testng.internal.TestInvoker.invokeTestMethods(TestInvoker.java:146)
at org.testng.internal.TestMethodWorker.invokeTestMethods(TestMethodWorker.java:146)
at org.testng.internal.TestMethodWorker.run(TestMethodWorker.java:128)
at java.base/java.util.concurrent.ThreadPoolExecutor.runWorker(ThreadPoolExecutor.java:1136)
at java.base/java.util.concurrent.ThreadPoolExecutor$Worker.run(ThreadPoolExecutor.java:635)
at java.base/java.lang.Thread.run(Thread.java:833)
]]>
            </full-stacktrace>
          </exception> <!-- java.lang.AssertionError -->
          <reporter-output>
          </reporter-output>
        </test-method> <!-- verifyaddToCartButton -->
        <test-method is-config="true" signature="failCadeScreenshot(org.testng.ITestResult)[pri:0, instance:test.VerifyHomePageButtons@313ac989]" started-at="2022-09-30T17:50:36 IST" name="failCadeScreenshot" finished-at="2022-09-30T17:50:38 IST" duration-ms="1319" status="PASS">
          <params>
            <param index="0">
              <value>
                <![CDATA[[TestResult name=verifyaddToCartButton status=FAILURE method=VerifyHomePageButtons.verifyaddToCartButton()[pri:0, instance:test.VerifyHomePageButtons@313ac989] output={null}]]]>
              </value>
            </param>
          </params>
          <reporter-output>
          </reporter-output>
        </test-method> <!-- failCadeScreenshot -->
        <test-method is-config="true" signature="clearTheBrowser()[pri:0, instance:test.VerifyHomePageButtons@313ac989]" started-at="2022-09-30T17:50:38 IST" name="clearTheBrowser" finished-at="2022-09-30T17:50:38 IST" duration-ms="1" status="PASS">
          <reporter-output>
          </reporter-output>
        </test-method> <!-- clearTheBrowser -->
        <test-method is-config="true" signature="closeTheBrowser()[pri:0, instance:test.VerifyHomePageButtons@313ac989]" started-at="2022-09-30T17:50:49 IST" name="closeTheBrowser" finished-at="2022-09-30T17:50:55 IST" duration-ms="5400" status="PASS">
          <reporter-output>
          </reporter-output>
        </test-method> <!-- closeTheBrowser -->
      </class> <!-- test.VerifyHomePageButtons -->
      <class name="test.VerifyOverviewPage">
        <test-method is-config="true" signature="launchMultipleBrowser(java.lang.String)[pri:0, instance:test.VerifyOverviewPage@4562e04d]" started-at="2022-09-30T17:50:07 IST" name="launchMultipleBrowser" finished-at="2022-09-30T17:50:26 IST" duration-ms="18968" status="PASS">
          <params>
            <param index="0">
              <value>
                <![CDATA[Firefox]]>
              </value>
            </param>
          </params>
          <reporter-output>
          </reporter-output>
        </test-method> <!-- launchMultipleBrowser -->
        <test-method is-config="true" signature="beforeClass()[pri:0, instance:test.VerifyOverviewPage@4562e04d]" started-at="2022-09-30T17:50:26 IST" name="beforeClass" finished-at="2022-09-30T17:50:26 IST" duration-ms="3" status="PASS">
          <reporter-output>
          </reporter-output>
        </test-method> <!-- beforeClass -->
        <test-method is-config="true" signature="beforeMethod()[pri:0, instance:test.VerifyOverviewPage@4562e04d]" started-at="2022-09-30T17:50:26 IST" name="beforeMethod" finished-at="2022-09-30T17:50:37 IST" duration-ms="10702" status="PASS">
          <reporter-output>
          </reporter-output>
        </test-method> <!-- beforeMethod -->
        <test-method signature="verifyCancelButton()[pri:0, instance:test.VerifyOverviewPage@4562e04d]" started-at="2022-09-30T17:50:37 IST" name="verifyCancelButton" finished-at="2022-09-30T17:50:37 IST" duration-ms="561" status="PASS">
          <reporter-output>
          </reporter-output>
        </test-method> <!-- verifyCancelButton -->
        <test-method is-config="true" signature="beforeMethod()[pri:0, instance:test.VerifyOverviewPage@4562e04d]" started-at="2022-09-30T17:50:37 IST" name="beforeMethod" finished-at="2022-09-30T17:50:44 IST" duration-ms="6194" status="PASS">
          <reporter-output>
          </reporter-output>
        </test-method> <!-- beforeMethod -->
        <test-method signature="verifyFinishButton()[pri:0, instance:test.VerifyOverviewPage@4562e04d]" started-at="2022-09-30T17:50:44 IST" name="verifyFinishButton" finished-at="2022-09-30T17:50:44 IST" duration-ms="333" status="PASS">
          <reporter-output>
          </reporter-output>
        </test-method> <!-- verifyFinishButton -->
        <test-method is-config="true" signature="closeTheBrowser()[pri:0, instance:test.VerifyOverviewPage@4562e04d]" started-at="2022-09-30T17:50:44 IST" name="closeTheBrowser" finished-at="2022-09-30T17:50:49 IST" duration-ms="5417" status="PASS">
          <reporter-output>
          </reporter-output>
        </test-method> <!-- closeTheBrowser -->
      </class> <!-- test.VerifyOverviewPage -->
    </test> <!-- FirefoxTest -->
  </suite> <!-- RegressionSuite -->
</testng-results>
