<?xml version="1.0" encoding="UTF-8"?>
<!-- Generated by org.testng.reporters.JUnitXMLReporter -->
<testsuite ignored="0" hostname="DESKTOP-S9F8K9E" failures="0" tests="4" name="ChromeTest" time="8.605" errors="0" timestamp="2022-10-09T08:54:03 IST">
  <testcase classname="test.VerifyOverviewPage" name="@BeforeMethod beforeMethod" time="2.423">
    <failure type="java.io.FileNotFoundException" message="C:\Users\ADMIN\Desktop\Software Testing\Excel Fetch.xlsx (The system cannot find the path specified)">
      <![CDATA[java.io.FileNotFoundException: C:\Users\ADMIN\Desktop\Software Testing\Excel Fetch.xlsx (The system cannot find the path specified)
at java.base/java.io.FileInputStream.open0(Native Method)
at java.base/java.io.FileInputStream.open(FileInputStream.java:216)
at java.base/java.io.FileInputStream.<init>(FileInputStream.java:157)
at java.base/java.io.FileInputStream.<init>(FileInputStream.java:111)
at utilis.Utility.excelFetch(Utility.java:37)
at test.VerifyOverviewPage.beforeMethod(VerifyOverviewPage.java:67)
at java.base/java.util.concurrent.ThreadPoolExecutor.runWorker(ThreadPoolExecutor.java:1136)
at java.base/java.util.concurrent.ThreadPoolExecutor$Worker.run(ThreadPoolExecutor.java:635)
at java.base/java.lang.Thread.run(Thread.java:833)
... Removed 14 stack frames]]>
    </failure>
  </testcase> <!-- @BeforeMethod beforeMethod -->
  <testcase classname="test.VerifyOverviewPage" name="@BeforeMethod beforeMethod" time="-1.665285842917E9">
    <skipped/>
  </testcase> <!-- @BeforeMethod beforeMethod -->
  <testcase classname="test.VerifyOverviewPage" name="@AfterClass closeTheBrowser" time="-1.665285842931E9">
    <skipped/>
  </testcase> <!-- @AfterClass closeTheBrowser -->
  <testcase classname="test.VerifyHomePageButtons" name="@BeforeMethod beforeMethod" time="2.504">
    <failure type="java.io.FileNotFoundException" message="C:\Users\ADMIN\Desktop\Software Testing\Excel Fetch.xlsx (The system cannot find the path specified)">
      <![CDATA[java.io.FileNotFoundException: C:\Users\ADMIN\Desktop\Software Testing\Excel Fetch.xlsx (The system cannot find the path specified)
at java.base/java.io.FileInputStream.open0(Native Method)
at java.base/java.io.FileInputStream.open(FileInputStream.java:216)
at java.base/java.io.FileInputStream.<init>(FileInputStream.java:157)
at java.base/java.io.FileInputStream.<init>(FileInputStream.java:111)
at utilis.Utility.excelFetch(Utility.java:37)
at test.VerifyHomePageButtons.beforeMethod(VerifyHomePageButtons.java:75)
at java.base/java.util.concurrent.ThreadPoolExecutor.runWorker(ThreadPoolExecutor.java:1136)
at java.base/java.util.concurrent.ThreadPoolExecutor$Worker.run(ThreadPoolExecutor.java:635)
at java.base/java.lang.Thread.run(Thread.java:833)
... Removed 14 stack frames]]>
    </failure>
  </testcase> <!-- @BeforeMethod beforeMethod -->
  <testcase classname="test.VerifyHomePageButtons" name="@AfterMethod failCadeScreenshot" time="-1.665285842954E9">
    <skipped/>
  </testcase> <!-- @AfterMethod failCadeScreenshot -->
  <testcase classname="test.VerifyHomePageButtons" name="@BeforeMethod beforeMethod" time="-1.665285842959E9">
    <skipped/>
  </testcase> <!-- @BeforeMethod beforeMethod -->
  <testcase classname="test.VerifyHomePageButtons" name="@AfterMethod failCadeScreenshot" time="-1.665285842965E9">
    <skipped/>
  </testcase> <!-- @AfterMethod failCadeScreenshot -->
  <testcase classname="test.VerifyHomePageButtons" name="@AfterClass clearTheBrowser" time="-1.665285842967E9">
    <skipped/>
  </testcase> <!-- @AfterClass clearTheBrowser -->
  <testcase classname="test.VerifyHomePageButtons" name="@AfterTest closeTheBrowser" time="-1.665285842974E9">
    <skipped/>
  </testcase> <!-- @AfterTest closeTheBrowser -->
  <testcase classname="test.VerifyOverviewPage" name="verifyCancelButton" time="0.0">
    <skipped/>
  </testcase> <!-- verifyCancelButton -->
  <testcase classname="test.VerifyOverviewPage" name="verifyFinishButton" time="0.0">
    <skipped/>
  </testcase> <!-- verifyFinishButton -->
  <testcase classname="test.VerifyHomePageButtons" name="verifyToCartButton" time="0.0">
    <skipped/>
  </testcase> <!-- verifyToCartButton -->
  <testcase classname="test.VerifyHomePageButtons" name="verifyaddToCartButton" time="0.0">
    <skipped/>
  </testcase> <!-- verifyaddToCartButton -->
</testsuite> <!-- ChromeTest -->
