<?xml version="1.0" encoding="UTF-8"?>
<!-- Generated by org.testng.reporters.JUnitXMLReporter -->
<testsuite ignored="0" hostname="DESKTOP-S9F8K9E" failures="0" tests="4" name="FirefoxTest" time="2.853" errors="0" timestamp="2022-10-09T08:54:06 IST">
  <testcase classname="test.VerifyHomePageButtons" name="@BeforeTest launchMultipleBrowser" time="2.762">
    <failure type="org.openqa.selenium.WebDriverException" message="Process unexpectedly closed with status 0
Build info: version: &amp;apos;3.141.59&amp;apos;, revision: &amp;apos;e82be7d358&amp;apos;, time: &amp;apos;2018-11-14T08:17:03&amp;apos;
System info: host: &amp;apos;DESKTOP-S9F8K9E&amp;apos;, ip: &amp;apos;192.168.43.18&amp;apos;, os.name: &amp;apos;Windows 10&amp;apos;, os.arch: &amp;apos;amd64&amp;apos;, os.version: &amp;apos;10.0&amp;apos;, java.version: &amp;apos;18.0.1.1&amp;apos;
Driver info: driver.version: FirefoxDriver
remote stacktrace: ">
      <![CDATA[org.openqa.selenium.WebDriverException: Process unexpectedly closed with status 0
Build info: version: '3.141.59', revision: 'e82be7d358', time: '2018-11-14T08:17:03'
System info: host: 'DESKTOP-S9F8K9E', ip: '192.168.43.18', os.name: 'Windows 10', os.arch: 'amd64', os.version: '10.0', java.version: '18.0.1.1'
Driver info: driver.version: FirefoxDriver
remote stacktrace: 
at org.openqa.selenium.remote.W3CHandshakeResponse.lambda$errorHandler$0(W3CHandshakeResponse.java:62)
at org.openqa.selenium.remote.HandshakeResponse.lambda$getResponseFunction$0(HandshakeResponse.java:30)
at org.openqa.selenium.remote.ProtocolHandshake.lambda$createSession$0(ProtocolHandshake.java:126)
at java.base/java.util.stream.ReferencePipeline$3$1.accept(ReferencePipeline.java:197)
at java.base/java.util.Spliterators$ArraySpliterator.tryAdvance(Spliterators.java:1002)
at java.base/java.util.stream.ReferencePipeline.forEachWithCancel(ReferencePipeline.java:129)
at java.base/java.util.stream.AbstractPipeline.copyIntoWithCancel(AbstractPipeline.java:527)
at java.base/java.util.stream.AbstractPipeline.copyInto(AbstractPipeline.java:513)
at java.base/java.util.stream.AbstractPipeline.wrapAndCopyInto(AbstractPipeline.java:499)
at java.base/java.util.stream.FindOps$FindOp.evaluateSequential(FindOps.java:150)
at java.base/java.util.stream.AbstractPipeline.evaluate(AbstractPipeline.java:234)
at java.base/java.util.stream.ReferencePipeline.findFirst(ReferencePipeline.java:647)
at org.openqa.selenium.remote.ProtocolHandshake.createSession(ProtocolHandshake.java:128)
at org.openqa.selenium.remote.ProtocolHandshake.createSession(ProtocolHandshake.java:74)
at org.openqa.selenium.remote.HttpCommandExecutor.execute(HttpCommandExecutor.java:136)
at org.openqa.selenium.remote.service.DriverCommandExecutor.execute(DriverCommandExecutor.java:83)
at org.openqa.selenium.remote.RemoteWebDriver.execute(RemoteWebDriver.java:552)
at org.openqa.selenium.remote.RemoteWebDriver.startSession(RemoteWebDriver.java:213)
at org.openqa.selenium.remote.RemoteWebDriver.<init>(RemoteWebDriver.java:131)
at org.openqa.selenium.firefox.FirefoxDriver.<init>(FirefoxDriver.java:147)
at org.openqa.selenium.firefox.FirefoxDriver.<init>(FirefoxDriver.java:125)
at setup.Base.openFirefoxBroswer(Base.java:24)
at test.VerifyHomePageButtons.launchMultipleBrowser(VerifyHomePageButtons.java:57)
... Removed 25 stack frames]]>
    </failure>
  </testcase> <!-- @BeforeTest launchMultipleBrowser -->
  <testcase classname="test.VerifyOverviewPage" name="@BeforeTest launchMultipleBrowser" time="-1.665285845901E9">
    <skipped/>
  </testcase> <!-- @BeforeTest launchMultipleBrowser -->
  <testcase classname="test.VerifyOverviewPage" name="@BeforeClass beforeClass" time="-1.665285845916E9">
    <skipped/>
  </testcase> <!-- @BeforeClass beforeClass -->
  <testcase classname="test.VerifyHomePageButtons" name="@BeforeClass beforeClass" time="-1.665285845918E9">
    <skipped/>
  </testcase> <!-- @BeforeClass beforeClass -->
  <testcase classname="test.VerifyOverviewPage" name="@BeforeMethod beforeMethod" time="-1.665285845922E9">
    <skipped/>
  </testcase> <!-- @BeforeMethod beforeMethod -->
  <testcase classname="test.VerifyHomePageButtons" name="@BeforeMethod beforeMethod" time="-1.665285845929E9">
    <skipped/>
  </testcase> <!-- @BeforeMethod beforeMethod -->
  <testcase classname="test.VerifyOverviewPage" name="@BeforeMethod beforeMethod" time="-1.665285845932E9">
    <skipped/>
  </testcase> <!-- @BeforeMethod beforeMethod -->
  <testcase classname="test.VerifyHomePageButtons" name="@AfterMethod failCadeScreenshot" time="-1.665285845961E9">
    <skipped/>
  </testcase> <!-- @AfterMethod failCadeScreenshot -->
  <testcase classname="test.VerifyOverviewPage" name="@AfterClass closeTheBrowser" time="-1.665285845954E9">
    <skipped/>
  </testcase> <!-- @AfterClass closeTheBrowser -->
  <testcase classname="test.VerifyHomePageButtons" name="@BeforeMethod beforeMethod" time="-1.665285845964E9">
    <skipped/>
  </testcase> <!-- @BeforeMethod beforeMethod -->
  <testcase classname="test.VerifyHomePageButtons" name="@AfterMethod failCadeScreenshot" time="-1.665285845977E9">
    <skipped/>
  </testcase> <!-- @AfterMethod failCadeScreenshot -->
  <testcase classname="test.VerifyHomePageButtons" name="@AfterClass clearTheBrowser" time="-1.665285845979E9">
    <skipped/>
  </testcase> <!-- @AfterClass clearTheBrowser -->
  <testcase classname="test.VerifyHomePageButtons" name="@AfterTest closeTheBrowser" time="-1.665285845983E9">
    <skipped/>
  </testcase> <!-- @AfterTest closeTheBrowser -->
  <testcase classname="test.VerifyOverviewPage" name="verifyCancelButton" time="0.0">
    <skipped/>
  </testcase> <!-- verifyCancelButton -->
  <testcase classname="test.VerifyOverviewPage" name="verifyFinishButton" time="0.0">
    <skipped/>
  </testcase> <!-- verifyFinishButton -->
  <testcase classname="test.VerifyHomePageButtons" name="verifyToCartButton" time="0.0">
    <skipped/>
  </testcase> <!-- verifyToCartButton -->
  <testcase classname="test.VerifyHomePageButtons" name="verifyaddToCartButton" time="0.0">
    <skipped/>
  </testcase> <!-- verifyaddToCartButton -->
</testsuite> <!-- FirefoxTest -->
