<?xml version="1.0" encoding="UTF-8"?>
<!-- Generated by org.testng.reporters.JUnitXMLReporter -->
<testsuite ignored="0" hostname="DESKTOP-S9F8K9E" failures="0" tests="4" name="Test" time="14.341" errors="0" timestamp="2022-09-18T00:00:12 IST">
  <testcase classname="test.verifyHomePageButtons" name="verifyToCartButton" time="0.319"/>
  <testcase classname="test.verifyHomePageButtons" name="verifyaddToCartButton" time="0.302"/>
  <testcase classname="test.VerifyOverviewPage" name="verifyCancelButton" time="0.345"/>
  <testcase classname="test.VerifyOverviewPage" name="verifyFinishButton" time="0.179"/>
</testsuite> <!-- Test -->
